app/seeds.txt
com.ashoksm.pinfinder.DisplayBankBranchResultActivity
com.ashoksm.pinfinder.DisplayBankBranchResultActivity: DisplayBankBranchResultActivity()
com.ashoksm.pinfinder.DisplayPinCodeResultActivity
com.ashoksm.pinfinder.DisplayPinCodeResultActivity: DisplayPinCodeResultActivity()
com.ashoksm.pinfinder.DisplayRTOResultActivity
com.ashoksm.pinfinder.DisplayRTOResultActivity: DisplayRTOResultActivity()
com.ashoksm.pinfinder.DisplaySTDResultActivity
com.ashoksm.pinfinder.DisplaySTDResultActivity: DisplaySTDResultActivity()
com.ashoksm.pinfinder.MainActivity
com.ashoksm.pinfinder.MainActivity: MainActivity()
com.ashoksm.pinfinder.R$anim: int abc_fade_in
com.ashoksm.pinfinder.R$anim: int abc_fade_out
com.ashoksm.pinfinder.R$anim: int abc_grow_fade_in_from_bottom
com.ashoksm.pinfinder.R$anim: int abc_popup_enter
com.ashoksm.pinfinder.R$anim: int abc_popup_exit
com.ashoksm.pinfinder.R$anim: int abc_shrink_fade_out_from_bottom
com.ashoksm.pinfinder.R$anim: int abc_slide_in_bottom
com.ashoksm.pinfinder.R$anim: int abc_slide_in_top
com.ashoksm.pinfinder.R$anim: int abc_slide_out_bottom
com.ashoksm.pinfinder.R$anim: int abc_slide_out_top
com.ashoksm.pinfinder.R$anim: int slide_in_left
com.ashoksm.pinfinder.R$anim: int slide_out_left
com.ashoksm.pinfinder.R$anim: int up_from_bottom
com.ashoksm.pinfinder.R$array: int abhyudayaco_opbankltd_gujarat_districts
com.ashoksm.pinfinder.R$array: int abhyudayaco_opbankltd_karnataka_districts
com.ashoksm.pinfinder.R$array: int abhyudayaco_opbankltd_maharashtra_districts
com.ashoksm.pinfinder.R$array: int abhyudayaco_opbankltd_states
com.ashoksm.pinfinder.R$array: int abudhabicommercialbank_karnataka_districts
com.ashoksm.pinfinder.R$array: int abudhabicommercialbank_maharashtra_districts
com.ashoksm.pinfinder.R$array: int abudhabicommercialbank_states
com.ashoksm.pinfinder.R$array: int ahmedabadmercantileco_opbank_gujarat_districts
com.ashoksm.pinfinder.R$array: int ahmedabadmercantileco_opbank_maharashtra_districts
com.ashoksm.pinfinder.R$array: int ahmedabadmercantileco_opbank_states
com.ashoksm.pinfinder.R$array: int akolajanatacommercialco_opbank_madhyapradesh_districts
com.ashoksm.pinfinder.R$array: int akolajanatacommercialco_opbank_maharashtra_districts
com.ashoksm.pinfinder.R$array: int akolajanatacommercialco_opbank_states
com.ashoksm.pinfinder.R$array: int allahabadbank_andamanandnicobarisland_districts
com.ashoksm.pinfinder.R$array: int allahabadbank_andhrapradesh_districts
com.ashoksm.pinfinder.R$array: int allahabadbank_arunachalpradesh_districts
com.ashoksm.pinfinder.R$array: int allahabadbank_assam_districts
com.ashoksm.pinfinder.R$array: int allahabadbank_bihar_districts
com.ashoksm.pinfinder.R$array: int allahabadbank_chandigarh_districts
...
android.support.v4.app.NotificationCompat$1
android.support.v4.app.NotificationCompat$Action
android.support.v4.app.NotificationCompat$Action: android.os.Bundle mExtras
android.support.v4.app.NotificationCompat$Action: android.support.v4.app.RemoteInput[] mRemoteInputs
android.support.v4.app.NotificationCompat$Action: int icon
android.support.v4.app.NotificationCompat$Action: java.lang.CharSequence title
android.support.v4.app.NotificationCompat$Action: android.app.PendingIntent actionIntent
android.support.v4.app.NotificationCompat$Action: android.support.v4.app.NotificationCompatBase$Action$Factory FACTORY
android.support.v4.app.NotificationCompat$Action: NotificationCompat$Action(int,java.lang.CharSequence,android.app.PendingIntent)
android.support.v4.app.NotificationCompat$Action: NotificationCompat$Action(int,java.lang.CharSequence,android.app.PendingIntent,android.os.Bundle,android.support.v4.app.RemoteInput[])
android.support.v4.app.NotificationCompat$Action: int getIcon()
android.support.v4.app.NotificationCompat$Action: java.lang.CharSequence getTitle()
android.support.v4.app.NotificationCompat$Action: android.app.PendingIntent getActionIntent()
android.support.v4.app.NotificationCompat$Action: android.os.Bundle getExtras()
android.support.v4.app.NotificationCompat$Action: android.support.v4.app.RemoteInput[] getRemoteInputs()
android.support.v4.app.NotificationCompat$Action: android.support.v4.app.RemoteInputCompatBase$RemoteInput[] getRemoteInputs()
android.support.v4.app.NotificationCompat$Action$1
android.support.v4.app.NotificationCompat$Action$1: NotificationCompat$Action$1()
android.support.v4.app.NotificationCompat$Action$1: android.support.v4.app.NotificationCompat$Action build(int,java.lang.CharSequence,android.app.PendingIntent,android.os.Bundle,android.support.v4.app.RemoteInputCompatBase$RemoteInput[])
android.support.v4.app.NotificationCompat$Action$1: android.support.v4.app.NotificationCompat$Action[] newArray(int)
android.support.v4.app.NotificationCompat$Action$1: android.support.v4.app.NotificationCompatBase$Action[] newArray(int)
android.support.v4.app.NotificationCompat$Action$1: android.support.v4.app.NotificationCompatBase$Action build(int,java.lang.CharSequence,android.app.PendingIntent,android.os.Bundle,android.support.v4.app.RemoteInputCompatBase$RemoteInput[])
android.support.v4.app.NotificationCompat$Action$Builder
android.support.v4.app.NotificationCompat$Action$Builder: int mIcon
android.support.v4.app.NotificationCompat$Action$Builder: java.lang.CharSequence mTitle
android.support.v4.app.NotificationCompat$Action$Builder: android.app.PendingIntent mIntent
android.support.v4.app.NotificationCompat$Action$Builder: android.os.Bundle mExtras
android.support.v4.app.NotificationCompat$Action$Builder: java.util.ArrayList mRemoteInputs
android.support.v4.app.NotificationCompat$Action$Builder: NotificationCompat$Action$Builder(int,java.lang.CharSequence,android.app.PendingIntent)
android.support.v4.app.NotificationCompat$Action$Builder: NotificationCompat$Action$Builder(android.support.v4.app.NotificationCompat$Action)
android.support.v4.app.NotificationCompat$Action$Builder: NotificationCompat$Action$Builder(int,java.lang.CharSequence,android.app.PendingIntent,android.os.Bundle)
android.support.v4.app.NotificationCompat$Action$Builder: android.support.v4.app.NotificationCompat$Action$Builder addExtras(android.os.Bundle)
android.support.v4.app.NotificationCompat$Action$Builder: android.os.Bundle getExtras()
android.support.v4.app.NotificationCompat$Action$Builder: android.support.v4.app.NotificationCompat$Action$Builder addRemoteInput(android.support.v4.app.RemoteInput)
android.support.v4.app.NotificationCompat$Action$Extender
android.support.v4.app.NotificationCompat$Action$Extender: android.support.v4.app.NotificationCompat$Action$Builder extend(android.support.v4.app.NotificationCompat$Action$Builder)