app/mapping.txt
com.ashoksm.pinfinder.BankView -> com.ashoksm.pinfinder.a:
    android.widget.Spinner bankNameSpinner -> a
    android.widget.AutoCompleteTextView stateNameTextView -> b
    android.widget.AutoCompleteTextView districtNameTextView -> c
    android.widget.AutoCompleteTextView branchName -> d
    void execute(android.view.View,android.content.res.Resources,android.app.Activity) -> a
    void performSearch(android.app.Activity,android.view.View) -> b
    android.widget.AutoCompleteTextView access$000() -> a
    android.widget.AutoCompleteTextView access$100() -> b
    android.widget.AutoCompleteTextView access$200() -> c
    android.widget.Spinner access$300() -> d
    void access$400(android.app.Activity,android.view.View) -> a
com.ashoksm.pinfinder.BankView$1 -> com.ashoksm.pinfinder.b:
    android.content.res.Resources val$resources -> a
    android.app.Activity val$context -> b
    void onItemSelected(android.widget.AdapterView,android.view.View,int,long) -> onItemSelected
    void onNothingSelected(android.widget.AdapterView) -> onNothingSelected
com.ashoksm.pinfinder.BankView$2 -> com.ashoksm.pinfinder.c:
    android.content.res.Resources val$resources -> a
    android.app.Activity val$context -> b
    void onItemClick(android.widget.AdapterView,android.view.View,int,long) -> onItemClick
com.ashoksm.pinfinder.BankView$3 -> com.ashoksm.pinfinder.d:
    android.app.Activity val$context -> a
    void onClick(android.view.View) -> onClick
com.ashoksm.pinfinder.BankView$4 -> com.ashoksm.pinfinder.e:
    android.app.Activity val$context -> a
    boolean onEditorAction(android.widget.TextView,int,android.view.KeyEvent) -> onEditorAction
com.ashoksm.pinfinder.DisplayBankBranchResultActivity -> com.ashoksm.pinfinder.DisplayBankBranchResultActivity:
    com.ashoksm.pinfinder.sqlite.BankBranchSQLiteHelper sqLiteHelper -> a
    android.database.Cursor c -> b
    java.lang.String stateName -> c
    java.lang.String districtName -> d
    java.lang.String bankName -> e
    java.lang.String branchName -> f
    void onCreate(android.os.Bundle) -> onCreate
    void onBackPressed() -> onBackPressed
    void onDestroy() -> onDestroy
    com.ashoksm.pinfinder.sqlite.BankBranchSQLiteHelper access$002(com.ashoksm.pinfinder.DisplayBankBranchResultActivity,com.ashoksm.pinfinder.sqlite.BankBranchSQLiteHelper) -> a
    android.database.Cursor access$102(com.ashoksm.pinfinder.DisplayBankBranchResultActivity,android.database.Cursor) -> a
    java.lang.String access$200(com.ashoksm.pinfinder.DisplayBankBranchResultActivity) -> a
    java.lang.String access$300(com.ashoksm.pinfinder.DisplayBankBranchResultActivity) -> b
    java.lang.String access$400(com.ashoksm.pinfinder.DisplayBankBranchResultActivity) -> c
    java.lang.String access$500(com.ashoksm.pinfinder.DisplayBankBranchResultActivity) -> d
    com.ashoksm.pinfinder.sqlite.BankBranchSQLiteHelper access$000(com.ashoksm.pinfinder.DisplayBankBranchResultActivity) -> e
    android.database.Cursor access$100(com.ashoksm.pinfinder.DisplayBankBranchResultActivity) -> f
com.ashoksm.pinfinder.DisplayBankBranchResultActivity$1 -> com.ashoksm.pinfinder.f:
    android.support.v7.widget.Toolbar val$toolbar -> a
    com.ashoksm.pinfinder.DisplayBankBranchResultActivity this$0 -> b
    void onMoved(int) -> a
com.ashoksm.pinfinder.DisplayBankBranchResultActivity$2 -> com.ashoksm.pinfinder.g:
    android.widget.LinearLayout val$adParent -> a
    com.ashoksm.pinfinder.DisplayBankBranchResultActivity this$0 -> b
    void onAdLoaded() -> a
    void onAdFailedToLoad(int) -> a
...
com.google.android.gms.common.zzc$zzbf$2 -> com.google.android.gms.common.db:
    byte[] zzmk() -> b
com.google.android.gms.common.zzc$zzbg -> com.google.android.gms.common.dc:
    com.google.android.gms.common.zzc$zza[] zzVR -> a
com.google.android.gms.common.zzc$zzbg$1 -> com.google.android.gms.common.dd:
    byte[] zzmk() -> b
com.google.android.gms.common.zzc$zzbg$2 -> com.google.android.gms.common.de:
    byte[] zzmk() -> b
com.google.android.gms.common.zzc$zzbh -> com.google.android.gms.common.df:
    com.google.android.gms.common.zzc$zza[] zzVR -> a
com.google.android.gms.common.zzc$zzbh$1 -> com.google.android.gms.common.dg:
    byte[] zzmk() -> b
com.google.android.gms.common.zzc$zzbi -> com.google.android.gms.common.dh:
    com.google.android.gms.common.zzc$zza[] zzVR -> a
com.google.android.gms.common.zzc$zzbi$1 -> com.google.android.gms.common.di:
    byte[] zzmk() -> b
com.google.android.gms.common.zzc$zzbi$2 -> com.google.android.gms.common.dj:
    byte[] zzmk() -> b
com.google.android.gms.common.zzc$zzbj -> com.google.android.gms.common.dk:
    com.google.android.gms.common.zzc$zza[] zzVR -> a
com.google.android.gms.common.zzc$zzbj$1 -> com.google.android.gms.common.dl:
    byte[] zzmk() -> b
com.google.android.gms.common.zzc$zzbj$2 -> com.google.android.gms.common.dm:
    byte[] zzmk() -> b
com.google.android.gms.common.zzc$zzbk -> com.google.android.gms.common.dn:
    com.google.android.gms.common.zzc$zza[] zzVR -> a
com.google.android.gms.common.zzc$zzbk$1 -> com.google.android.gms.common.do:
    byte[] zzmk() -> b
com.google.android.gms.common.zzc$zzbk$2 -> com.google.android.gms.common.dp:
    byte[] zzmk() -> b
com.google.android.gms.common.zzc$zzbl -> com.google.android.gms.common.dq:
    com.google.android.gms.common.zzc$zza[] zzVR -> a
com.google.android.gms.common.zzc$zzbl$1 -> com.google.android.gms.common.dr:
    byte[] zzmk() -> b
com.google.android.gms.common.zzc$zzbl$2 -> com.google.android.gms.common.ds:
    byte[] zzmk() -> b
com.google.android.gms.common.zzc$zzbm -> com.google.android.gms.common.dt:
    com.google.android.gms.common.zzc$zza[] zzVR -> a
com.google.android.gms.common.zzc$zzbm$1 -> com.google.android.gms.common.du:
    byte[] zzmk() -> b
com.google.android.gms.common.zzc$zzbm$2 -> com.google.android.gms.common.dv:
    byte[] zzmk() -> b
com.google.android.gms.common.zzc$zzbn -> com.google.android.gms.common.dw:
    com.google.android.gms.common.zzc$zza[] zzVR -> a
com.google.android.gms.common.zzc$zzbn$1 -> com.google.android.gms.common.dx:
    byte[] zzmk() -> b
com.google.android.gms.common.zzc$zzbn$2 -> com.google.android.gms.common.dy:
    byte[] zzmk() -> b
com.google.android.gms.common.zzc$zzbo -> com.google.android.gms.common.dz:
    com.google.android.gms.common.zzc$zza[] zzVR -> a
com.google.android.gms.common.zzc$zzbo$1 -> com.google.android.gms.common.ea:
    byte[] zzmk() -> b
com.google.android.gms.common.zzc$zzbp -> com.google.android.gms.common.eb:
    com.google.android.gms.common.zzc$zza[] zzVR -> a
com.google.android.gms.common.zzc$zzbp$1 -> com.google.android.gms.common.ec:
    byte[] zzmk() -> b
com.google.android.gms.common.zzc$zzbp$2 -> com.google.android.gms.common.ed:
    byte[] zzmk() -> b
com.google.android.gms.common.zzc$zzbp$3 -> com.google.android.gms.common.ee:
    byte[] zzmk() -> b
com.google.android.gms.common.zzc$zzbq -> com.google.android.gms.common.ef:
    com.google.android.gms.common.zzc$zza[] zzVR -> a
com.google.android.gms.common.zzc$zzbq$1 -> com.google.android.gms.common.eg:
    byte[] zzmk() -> b
com.google.android.gms.common.zzc$zzbq$2 -> com.google.android.gms.common.eh:
    byte[] zzmk() -> b
com.google.android.gms.common.zzc$zzbr -> com.google.android.gms.common.ei:
    com.google.android.gms.common.zzc$zza[] zzVR -> a
com.google.android.gms.common.zzc$zzbr$1 -> com.google.android.gms.common.ej:
    byte[] zzmk() -> b