app/unused.txt
com.ashoksm.pinfinder.BankView:
    public static final java.lang.String EXTRA_STATE
    public static final java.lang.String EXTRA_DISTRICT
    public static final java.lang.String EXTRA_BANK
    public static final java.lang.String EXTRA_BRANCH
    25:25:public BankView()
com.ashoksm.pinfinder.BuildConfig
com.ashoksm.pinfinder.PinCodeView:
    public static final java.lang.String EXTRA_STATE
    public static final java.lang.String EXTRA_DISTRICT
    public static final java.lang.String EXTRA_OFFICE
    21:21:public PinCodeView()
com.ashoksm.pinfinder.R
com.ashoksm.pinfinder.R$anim
com.ashoksm.pinfinder.R$array
com.ashoksm.pinfinder.R$attr
com.ashoksm.pinfinder.R$bool
com.ashoksm.pinfinder.R$color
com.ashoksm.pinfinder.R$dimen
com.ashoksm.pinfinder.R$drawable
com.ashoksm.pinfinder.R$id
com.ashoksm.pinfinder.R$integer
com.ashoksm.pinfinder.R$layout
com.ashoksm.pinfinder.R$menu
com.ashoksm.pinfinder.R$raw
com.ashoksm.pinfinder.R$string
com.ashoksm.pinfinder.R$style
com.ashoksm.pinfinder.R$styleable
com.ashoksm.pinfinder.RTOView:
    public static final java.lang.String EXTRA_STATE
    public static final java.lang.String EXTRA_CITY
    17:17:public RTOView()
com.ashoksm.pinfinder.STDView:
    public static final java.lang.String EXTRA_STATE
    public static final java.lang.String EXTRA_CITY
    17:17:public STDView()
com.ashoksm.pinfinder.SlidingTabsBasicFragment:
    static final java.lang.String LOG_TAG
com.ashoksm.pinfinder.Utils:
    6:6:public Utils()
com.ashoksm.pinfinder.adapter.CursorRecyclerViewAdapter:
    46:46:public android.database.Cursor getCursor()
    67:68:public void setHasStableIds(boolean)
    88:92:public void changeCursor(android.database.Cursor)
    100:120:public android.database.Cursor swapCursor(android.database.Cursor)
com.ashoksm.pinfinder.common.view.SlidingTabLayout:
    private static final int TITLE_OFFSET_DIPS
    private static final int TAB_VIEW_PADDING_DIPS
    private static final int TAB_VIEW_TEXT_SIZE_SP
    150:152:public void setCustomTabView(int,int)
com.ashoksm.pinfinder.common.view.SlidingTabStrip:
    private static final int DEFAULT_BOTTOM_BORDER_THICKNESS_DIPS
    private static final byte DEFAULT_BOTTOM_BORDER_COLOR_ALPHA
    private static final int SELECTED_INDICATOR_THICKNESS_DIPS
    private static final int DEFAULT_SELECTED_INDICATOR_COLOR
    private static final int DEFAULT_DIVIDER_THICKNESS_DIPS
    private static final byte DEFAULT_DIVIDER_COLOR_ALPHA
    private static final float DEFAULT_DIVIDER_HEIGHT
com.ashoksm.pinfinder.sqlite.BankBranchSQLiteHelper:
    private static final int DATABASE_VERSION
    private static final java.lang.String DATABASE_NAME
    private static final java.lang.String TABLE_BANK_BRANCH
    private static final java.lang.String TABLE_LOCATION
    public static final java.lang.String NAME
    public static final java.lang.String CITY
    public static final java.lang.String ADDRESS
    public static final java.lang.String CONTACT
    private static final java.lang.String LOCATION
    public static final java.lang.String DISTRICT
    public static final java.lang.String STATE
    private static final java.lang.String BANK
    public static final java.lang.String IFSC
    public static final java.lang.String MICR
    public static final java.lang.String ID
    private static final java.lang.String CREATE_LOCATION_TABLE
    private static final java.lang.String CREATE_BANK_BRANCH_TABLE
...
com.google.android.gms.drive.realtime.internal.zzj$zza$zza
com.google.android.gms.drive.realtime.internal.zzk
com.google.android.gms.drive.realtime.internal.zzk$zza
com.google.android.gms.drive.realtime.internal.zzk$zza$zza
com.google.android.gms.drive.realtime.internal.zzl
com.google.android.gms.drive.realtime.internal.zzl$zza
com.google.android.gms.drive.realtime.internal.zzl$zza$zza
com.google.android.gms.drive.realtime.internal.zzm
com.google.android.gms.drive.realtime.internal.zzm$zza
com.google.android.gms.drive.realtime.internal.zzm$zza$zza
com.google.android.gms.drive.realtime.internal.zzn
com.google.android.gms.drive.realtime.internal.zzn$zza
com.google.android.gms.drive.realtime.internal.zzn$zza$zza
com.google.android.gms.drive.realtime.internal.zzo
com.google.android.gms.drive.realtime.internal.zzo$zza
com.google.android.gms.drive.realtime.internal.zzo$zza$zza
com.google.android.gms.drive.widget.DataBufferAdapter
com.google.android.gms.drive.zzc
com.google.android.gms.drive.zzf
com.google.android.gms.dynamic.LifecycleDelegate
com.google.android.gms.dynamic.zza
com.google.android.gms.dynamic.zza$1
com.google.android.gms.dynamic.zza$2
com.google.android.gms.dynamic.zza$3
com.google.android.gms.dynamic.zza$4
com.google.android.gms.dynamic.zza$5
com.google.android.gms.dynamic.zza$6
com.google.android.gms.dynamic.zza$7
com.google.android.gms.dynamic.zza$zza
com.google.android.gms.dynamic.zzb
com.google.android.gms.dynamic.zzc
com.google.android.gms.dynamic.zzc$zza
com.google.android.gms.dynamic.zzc$zza$zza
com.google.android.gms.dynamic.zzf
com.google.android.gms.dynamic.zzh
com.google.android.gms.fitness.BleApi
com.google.android.gms.fitness.ConfigApi
com.google.android.gms.fitness.Fitness
com.google.android.gms.fitness.FitnessActivities
com.google.android.gms.fitness.FitnessStatusCodes
com.google.android.gms.fitness.HistoryApi
com.google.android.gms.fitness.HistoryApi$ViewIntentBuilder
com.google.android.gms.fitness.R
com.google.android.gms.fitness.R$attr
com.google.android.gms.fitness.R$color
com.google.android.gms.fitness.R$drawable
com.google.android.gms.fitness.R$id
com.google.android.gms.fitness.R$integer
com.google.android.gms.fitness.R$raw
com.google.android.gms.fitness.R$string
com.google.android.gms.fitness.R$style
com.google.android.gms.fitness.R$styleable
com.google.android.gms.fitness.RecordingApi
com.google.android.gms.fitness.SensorsApi
com.google.android.gms.fitness.SessionsApi
com.google.android.gms.fitness.SessionsApi$ViewIntentBuilder
com.google.android.gms.fitness.data.Application:
    public static com.google.android.gms.fitness.data.Application zzcG(java.lang.String)
    public static com.google.android.gms.fitness.data.Application zze(java.lang.String,java.lang.String,java.lang.String)
com.google.android.gms.fitness.data.Bucket:
    public static final int TYPE_TIME
    public static final int TYPE_SESSION
    public static final int TYPE_ACTIVITY_TYPE
    public static final int TYPE_ACTIVITY_SEGMENT
    public java.lang.String getActivity()
    public com.google.android.gms.fitness.data.DataSet getDataSet(com.google.android.gms.fitness.data.DataType)
    public boolean zzb(com.google.android.gms.fitness.data.Bucket)